Resolving dependencies...
Downloading packages...
  characters 1.4.0 (1.4.1 available)
  cross_file 0.3.5+1 (0.3.5+2 available)
  crypto 3.0.6 (3.0.7 available)
  dbus 0.7.11 (0.7.12 available)
  device_info_plus 11.5.0 (12.3.0 available)
  equatable 2.0.7 (2.0.8 available)
  ffi 2.1.4 (2.1.5 available)
  flutter_local_notifications 19.5.0 (20.0.0 available)
  flutter_local_notifications_linux 6.0.0 (7.0.0 available)
  flutter_local_notifications_platform_interface 9.1.0 (10.0.0 available)
  flutter_local_notifications_windows 1.0.3 (2.0.0 available)
  go_router 17.0.0 (17.1.0 available)
  google_fonts 6.3.3 (8.0.1 available)
  image 4.5.4 (4.7.2 available)
  image_picker_ios 0.8.13+5 (0.8.13+6 available)
  js 0.6.7 (0.7.2 available)
  json_annotation 4.9.0 (4.10.0 available)
  lints 6.0.0 (6.1.0 available)
  matcher 0.12.17 (0.12.18 available)
  material_color_utilities 0.11.1 (0.13.0 available)
  meta 1.17.0 (1.18.1 available)
  path_provider_android 2.2.18 (2.2.22 available)
  path_provider_foundation 2.4.2 (2.6.0 available)
  sensors_plus 6.1.2 (7.0.0 available)
  shared_preferences 2.5.3 (2.5.4 available)
  shared_preferences_android 2.4.15 (2.4.20 available)
  shared_preferences_foundation 2.5.4 (2.5.6 available)
  socket_io_client 2.0.3+1 (3.1.4 available)
  socket_io_common 2.0.3 (3.1.1 available)
  source_span 1.10.1 (1.10.2 available)
  syncfusion_flutter_core 28.2.12 (32.2.3 available)
  syncfusion_flutter_pdf 28.2.12 (32.2.3 available)
  syncfusion_flutter_pdfviewer 28.2.12 (32.2.3 available)
  syncfusion_flutter_signaturepad 28.2.12 (32.2.3 available)
  syncfusion_pdfviewer_macos 28.2.12 (32.2.3 available)
  syncfusion_pdfviewer_platform_interface 28.2.12 (32.2.3 available)
  syncfusion_pdfviewer_web 28.2.12 (32.2.3 available)
  syncfusion_pdfviewer_windows 28.2.12 (32.2.3 available)
  test_api 0.7.7 (0.7.9 available)
  timezone 0.10.1 (0.11.0 available)
  url_launcher_android 6.3.24 (6.3.28 available)
  url_launcher_ios 6.3.5 (6.3.6 available)
  url_launcher_linux 3.2.1 (3.2.2 available)
  url_launcher_macos 3.2.4 (3.2.5 available)
  url_launcher_web 2.4.1 (2.4.2 available)
  url_launcher_windows 3.1.4 (3.1.5 available)
  vector_graphics_compiler 1.1.19 (1.1.20 available)
Got dependencies!
47 packages have newer versions incompatible with dependency constraints.
Try `flutter pub outdated` for more information.
Running Gradle task 'assembleRelease'...                        
C:\Users\user\AppData\Local\Pub\Cache\hosted\pub.dev\flutter_dynamic_icon-2.1.0\android\src\main\java\io\github\tastelessjolt\flutterdynamicicon\FlutterDynamicIconPlugin.java:14: error: cannot find symbol
  public static void registerWith(io.flutter.plugin.common.PluginRegistry.Registrar registrar) {
                                                                         ^
  symbol:   class Registrar
  location: interface PluginRegistry
1 error
lib/screens/zochin_urikh/zochin_urikh_page.dart:72:7: Error: The getter 'debugAppLogger' isn't defined for the type '_ZochinUrikhPageState'.
 - '_ZochinUrikhPageState' is from 'package:sukh_app/screens/zochin_urikh/zochin_urikh_page.dart' ('lib/screens/zochin_urikh/zochin_urikh_page.dart').
Try correcting the name to the name of an existing getter, or defining a getter or field named 'debugAppLogger'.
      debugAppLogger.log('ğŸ“Š [QUOTA] Received status: $status');
      ^^^^^^^^^^^^^^
lib/screens/zochin_urikh/zochin_urikh_page.dart:111:7: Error: The getter 'debugAppLogger' isn't defined for the type '_ZochinUrikhPageState'.
 - '_ZochinUrikhPageState' is from 'package:sukh_app/screens/zochin_urikh/zochin_urikh_page.dart' ('lib/screens/zochin_urikh/zochin_urikh_page.dart').
Try correcting the name to the name of an existing getter, or defining a getter or field named 'debugAppLogger'.
      debugAppLogger.log('ï¿½?ï¿½ [QUOTA] Error loading quota status: $e');
      ^^^^^^^^^^^^^^
Target kernel_snapshot_program failed: Exception


FAILURE: Build completed with 2 failures.

1: Task failed with an exception.
-----------
* What went wrong:
Execution failed for task ':flutter_dynamic_icon:compileReleaseJavaWithJavac'.
> Compilation failed; see the compiler output below.
  C:\Users\user\AppData\Local\Pub\Cache\hosted\pub.dev\flutter_dynamic_icon-2.1.0\android\src\main\java\io\github\tastelessjolt\flutterdynamicicon\FlutterDynamicIconPlugin.java:14: error: cannot find symbol
    public static void registerWith(io.flutter.plugin.common.PluginRegistry.Registrar registrar) {
                                                                           ^
    symbol:   class Registrar
    location: interface PluginRegistry
  1 error

* Try:
> Check your code and dependencies to fix the compilation error(s)
> Run with --scan to get full insights.
==============================================================================

2: Task failed with an exception.
-----------
* What went wrong:
Execution failed for task ':app:compileFlutterBuildRelease'.
> Process 'command 'C:\Develop\flutter\bin\flutter.bat'' finished with non-zero exit value 1

* Try:
> Run with --stacktrace option to get the stack trace.
> Run with --info or --debug option to get more log output.
> Run with --scan to get full insights.
> Get more help at https://help.gradle.org.
==============================================================================

BUILD FAILED in 19s
Running Gradle task 'assembleRelease'...                           19.7s

â”Œâ”€ Flutter Fix â”€â”€â”€â”€â”€â”€â”€â”€â”€â”€â”€â”€â”€â”€â”€â”€â”€â”€â”€â”€â”€â”€â”€â”€â”€â”€â”€â”€â”€â”€â”€â”€â”€â”€â”€â”€â”€â”€â”€â”€â”€â”€â”€â”€â”€â”€â”€â”€â”€â”€â”€â”€â”€â”€â”€â”€â”€â”€â”€â”€â”€â”€â”€â”€â”€â”€â”€â”€â”€â”€â”€â”€â”€â”€â”€â”€â”€â”€â”€â”€â”€â”€â”€â”
â”‚ [!] Consult the error logs above to identify any broken plugins, specifically those containing  â”‚
â”‚ "error: cannot find symbol..."                                                                  â”‚
â”‚ This issue is likely caused by v1 embedding removal and the plugin's continued usage of removed â”‚
â”‚ references to the v1 embedding.                                                                 â”‚
â”‚ To fix this error, please upgrade your current package's dependencies to latest versions by     â”‚
â”‚ running `flutter pub upgrade`.                                                                  â”‚
â”‚ If that does not work, please file an issue for the problematic plugin(s) here:                 â”‚
â”‚ https://github.com/flutter/flutter/issues                                                       â”‚
â””â”€â”€â”€â”€â”€â”€â”€â”€â”€â”€â”€â”€â”€â”€â”€â”€â”€â”€â”€â”€â”€â”€â”€â”€â”€â”€â”€â”€â”€â”€â”€â”€â”€â”€â”€â”€â”€â”€â”€â”€â”€â”€â”€â”€â”€â”€â”€â”€â”€â”€â”€â”€â”€â”€â”€â”€â”€â”€â”€â”€â”€â”€â”€â”€â”€â”€â”€â”€â”€â”€â”€â”€â”€â”€â”€â”€â”€â”€â”€â”€â”€â”€â”€â”€â”€â”€â”€â”€â”€â”€â”€â”€â”€â”€â”€â”€â”€â”˜
Gradle task assembleRelease failed with exit code 1
